# JRE version: OpenJDK Runtime Environment (8.0_265-b01) (build 1.8.0_265-8u265-b01-0ubuntu2~16.04-b01)
# Java VM: OpenJDK 64-Bit Server VM (25.265-b01 mixed mode linux-amd64 compressed oops)
Heap:
 def new generation   total 198464K, used 156292K [0x00000000c0000000, 0x00000000cd750000, 0x00000000d5550000)
  eden space 176448K,  88% used [0x00000000c0000000, 0x00000000c98a0ec8, 0x00000000cac50000)
  from space 22016K,   0% used [0x00000000cac50000, 0x00000000cac504b0, 0x00000000cc1d0000)
  to   space 22016K,   0% used [0x00000000cc1d0000, 0x00000000cc1d0000, 0x00000000cd750000)
 tenured generation   total 440800K, used 103517K [0x00000000d5550000, 0x00000000f03c8000, 0x0000000100000000)
   the space 440800K,  23% used [0x00000000d5550000, 0x00000000dba676d0, 0x00000000dba67800, 0x00000000f03c8000)
 Metaspace       used 89254K, capacity 90280K, committed 90368K, reserved 1126400K
  class space    used 12344K, capacity 12544K, committed 12544K, reserved 1048576K
GC Heap History (10 events):
Event: 60.407 GC heap before
{Heap before GC invocations=100 (full 7):
 def new generation   total 198464K, used 179667K [0x00000000c0000000, 0x00000000cd750000, 0x00000000d5550000)
  eden space 176448K, 100% used [0x00000000c0000000, 0x00000000cac50000, 0x00000000cac50000)
  from space 22016K,  14% used [0x00000000cc1d0000, 0x00000000cc4f4e30, 0x00000000cd750000)
  to   space 22016K,   0% used [0x00000000cac50000, 0x00000000cac50000, 0x00000000cc1d0000)
 tenured generation   total 440800K, used 417806K [0x00000000d5550000, 0x00000000f03c8000, 0x0000000100000000)
   the space 440800K,  94% used [0x00000000d5550000, 0x00000000eed53a30, 0x00000000eed53c00, 0x00000000f03c8000)
 Metaspace       used 88395K, capacity 89320K, committed 89472K, reserved 1126400K
  class space    used 12226K, capacity 12404K, committed 12416K, reserved 1048576K
Event: 60.434 GC heap after
Heap after GC invocations=101 (full 7):
 def new generation   total 198464K, used 22016K [0x00000000c0000000, 0x00000000cd750000, 0x00000000d5550000)
  eden space 176448K,   0% used [0x00000000c0000000, 0x00000000c0000000, 0x00000000cac50000)
  from space 22016K, 100% used [0x00000000cac50000, 0x00000000cc1d0000, 0x00000000cc1d0000)
  to   space 22016K,   0% used [0x00000000cc1d0000, 0x00000000cc1d0000, 0x00000000cd750000)
 tenured generation   total 440800K, used 425045K [0x00000000d5550000, 0x00000000f03c8000, 0x0000000100000000)
   the space 440800K,  96% used [0x00000000d5550000, 0x00000000ef465740, 0x00000000ef465800, 0x00000000f03c8000)
 Metaspace       used 88395K, capacity 89320K, committed 89472K, reserved 1126400K
  class space    used 12226K, capacity 12404K, committed 12416K, reserved 1048576K
}
Event: 61.364 GC heap before
{Heap before GC invocations=101 (full 7):
 def new generation   total 198464K, used 198464K [0x00000000c0000000, 0x00000000cd750000, 0x00000000d5550000)
  eden space 176448K, 100% used [0x00000000c0000000, 0x00000000cac50000, 0x00000000cac50000)
  from space 22016K, 100% used [0x00000000cac50000, 0x00000000cc1d0000, 0x00000000cc1d0000)
  to   space 22016K,   0% used [0x00000000cc1d0000, 0x00000000cc1d0000, 0x00000000cd750000)
 tenured generation   total 440800K, used 425045K [0x00000000d5550000, 0x00000000f03c8000, 0x0000000100000000)
   the space 440800K,  96% used [0x00000000d5550000, 0x00000000ef465740, 0x00000000ef465800, 0x00000000f03c8000)
 Metaspace       used 88412K, capacity 89320K, committed 89472K, reserved 1126400K
  class space    used 12226K, capacity 12404K, committed 12416K, reserved 1048576K
Event: 61.629 GC heap after
Heap after GC invocations=102 (full 8):
 def new generation   total 198464K, used 0K [0x00000000c0000000, 0x00000000cd750000, 0x00000000d5550000)
  eden space 176448K,   0% used [0x00000000c0000000, 0x00000000c0000000, 0x00000000cac50000)
  from space 22016K,   0% used [0x00000000cc1d0000, 0x00000000cc1d0000, 0x00000000cd750000)
  to   space 22016K,   0% used [0x00000000cac50000, 0x00000000cac50000, 0x00000000cc1d0000)
 tenured generation   total 440800K, used 103517K [0x00000000d5550000, 0x00000000f03c8000, 0x0000000100000000)
   the space 440800K,  23% used [0x00000000d5550000, 0x00000000dba676d0, 0x00000000dba67800, 0x00000000f03c8000)
 Metaspace       used 88412K, capacity 89320K, committed 89472K, reserved 1126400K
  class space    used 12226K, capacity 12404K, committed 12416K, reserved 1048576K
}
Event: 62.531 GC heap before
{Heap before GC invocations=102 (full 8):
 def new generation   total 198464K, used 176448K [0x00000000c0000000, 0x00000000cd750000, 0x00000000d5550000)
  eden space 176448K, 100% used [0x00000000c0000000, 0x00000000cac50000, 0x00000000cac50000)
  from space 22016K,   0% used [0x00000000cc1d0000, 0x00000000cc1d0000, 0x00000000cd750000)
  to   space 22016K,   0% used [0x00000000cac50000, 0x00000000cac50000, 0x00000000cc1d0000)
 tenured generation   total 440800K, used 103517K [0x00000000d5550000, 0x00000000f03c8000, 0x0000000100000000)
   the space 440800K,  23% used [0x00000000d5550000, 0x00000000dba676d0, 0x00000000dba67800, 0x00000000f03c8000)
 Metaspace       used 88414K, capacity 89320K, committed 89472K, reserved 1126400K
  class space    used 12226K, capacity 12404K, committed 12416K, reserved 1048576K
Event: 62.537 GC heap after
Heap after GC invocations=103 (full 8):
 def new generation   total 198464K, used 0K [0x00000000c0000000, 0x00000000cd750000, 0x00000000d5550000)
  eden space 176448K,   0% used [0x00000000c0000000, 0x00000000c0000000, 0x00000000cac50000)
  from space 22016K,   0% used [0x00000000cac50000, 0x00000000cac503f0, 0x00000000cc1d0000)
  to   space 22016K,   0% used [0x00000000cc1d0000, 0x00000000cc1d0000, 0x00000000cd750000)
 tenured generation   total 440800K, used 103517K [0x00000000d5550000, 0x00000000f03c8000, 0x0000000100000000)
   the space 440800K,  23% used [0x00000000d5550000, 0x00000000dba676d0, 0x00000000dba67800, 0x00000000f03c8000)
 Metaspace       used 88414K, capacity 89320K, committed 89472K, reserved 1126400K
  class space    used 12226K, capacity 12404K, committed 12416K, reserved 1048576K
}
Event: 63.439 GC heap before
{Heap before GC invocations=103 (full 8):
 def new generation   total 198464K, used 176448K [0x00000000c0000000, 0x00000000cd750000, 0x00000000d5550000)
  eden space 176448K, 100% used [0x00000000c0000000, 0x00000000cac50000, 0x00000000cac50000)
  from space 22016K,   0% used [0x00000000cac50000, 0x00000000cac503f0, 0x00000000cc1d0000)
  to   space 22016K,   0% used [0x00000000cc1d0000, 0x00000000cc1d0000, 0x00000000cd750000)
 tenured generation   total 440800K, used 103517K [0x00000000d5550000, 0x00000000f03c8000, 0x0000000100000000)
   the space 440800K,  23% used [0x00000000d5550000, 0x00000000dba676d0, 0x00000000dba67800, 0x00000000f03c8000)
 Metaspace       used 88426K, capacity 89320K, committed 89472K, reserved 1126400K
  class space    used 12226K, capacity 12404K, committed 12416K, reserved 1048576K
Event: 63.444 GC heap after
Heap after GC invocations=104 (full 8):
 def new generation   total 198464K, used 1K [0x00000000c0000000, 0x00000000cd750000, 0x00000000d5550000)
  eden space 176448K,   0% used [0x00000000c0000000, 0x00000000c0000000, 0x00000000cac50000)
  from space 22016K,   0% used [0x00000000cc1d0000, 0x00000000cc1d04b8, 0x00000000cd750000)
  to   space 22016K,   0% used [0x00000000cac50000, 0x00000000cac50000, 0x00000000cc1d0000)
 tenured generation   total 440800K, used 103517K [0x00000000d5550000, 0x00000000f03c8000, 0x0000000100000000)
   the space 440800K,  23% used [0x00000000d5550000, 0x00000000dba676d0, 0x00000000dba67800, 0x00000000f03c8000)
 Metaspace       used 88426K, capacity 89320K, committed 89472K, reserved 1126400K
  class space    used 12226K, capacity 12404K, committed 12416K, reserved 1048576K
}
Event: 64.251 GC heap before
{Heap before GC invocations=104 (full 8):
 def new generation   total 198464K, used 176449K [0x00000000c0000000, 0x00000000cd750000, 0x00000000d5550000)
  eden space 176448K, 100% used [0x00000000c0000000, 0x00000000cac50000, 0x00000000cac50000)
  from space 22016K,   0% used [0x00000000cc1d0000, 0x00000000cc1d04b8, 0x00000000cd750000)
  to   space 22016K,   0% used [0x00000000cac50000, 0x00000000cac50000, 0x00000000cc1d0000)
 tenured generation   total 440800K, used 103517K [0x00000000d5550000, 0x00000000f03c8000, 0x0000000100000000)
   the space 440800K,  23% used [0x00000000d5550000, 0x00000000dba676d0, 0x00000000dba67800, 0x00000000f03c8000)
 Metaspace       used 88426K, capacity 89320K, committed 89472K, reserved 1126400K
  class space    used 12226K, capacity 12404K, committed 12416K, reserved 1048576K
Event: 64.255 GC heap after
Heap after GC invocations=105 (full 8):
 def new generation   total 198464K, used 1K [0x00000000c0000000, 0x00000000cd750000, 0x00000000d5550000)
  eden space 176448K,   0% used [0x00000000c0000000, 0x00000000c0000000, 0x00000000cac50000)
  from space 22016K,   0% used [0x00000000cac50000, 0x00000000cac504b0, 0x00000000cc1d0000)
  to   space 22016K,   0% used [0x00000000cc1d0000, 0x00000000cc1d0000, 0x00000000cd750000)
 tenured generation   total 440800K, used 103517K [0x00000000d5550000, 0x00000000f03c8000, 0x0000000100000000)
   the space 440800K,  23% used [0x00000000d5550000, 0x00000000dba676d0, 0x00000000dba67800, 0x00000000f03c8000)
 Metaspace       used 88426K, capacity 89320K, committed 89472K, reserved 1126400K
  class space    used 12226K, capacity 12404K, committed 12416K, reserved 1048576K
}

