# JRE version: OpenJDK Runtime Environment (8.0_265-b01) (build 1.8.0_265-8u265-b01-0ubuntu2~16.04-b01)
# Java VM: OpenJDK 64-Bit Server VM (25.265-b01 mixed mode linux-amd64 compressed oops)
Heap:
 def new generation   total 208512K, used 143016K [0x00000000c0000000, 0x00000000ce230000, 0x00000000d5550000)
  eden space 185408K,  77% used [0x00000000c0000000, 0x00000000c8ba9cf8, 0x00000000cb510000)
  from space 23104K,   0% used [0x00000000ccba0000, 0x00000000ccba0480, 0x00000000ce230000)
  to   space 23104K,   0% used [0x00000000cb510000, 0x00000000cb510000, 0x00000000ccba0000)
 tenured generation   total 463144K, used 443216K [0x00000000d5550000, 0x00000000f199a000, 0x0000000100000000)
   the space 463144K,  95% used [0x00000000d5550000, 0x00000000f0624240, 0x00000000f0624400, 0x00000000f199a000)
 Metaspace       used 96059K, capacity 97224K, committed 97280K, reserved 1132544K
  class space    used 13283K, capacity 13530K, committed 13568K, reserved 1048576K
GC Heap History (10 events):
Event: 50.286 GC heap before
{Heap before GC invocations=120 (full 9):
 def new generation   total 208512K, used 186506K [0x00000000c0000000, 0x00000000ce230000, 0x00000000d5550000)
  eden space 185408K, 100% used [0x00000000c0000000, 0x00000000cb510000, 0x00000000cb510000)
  from space 23104K,   4% used [0x00000000cb510000, 0x00000000cb622a08, 0x00000000ccba0000)
  to   space 23104K,   0% used [0x00000000ccba0000, 0x00000000ccba0000, 0x00000000ce230000)
 tenured generation   total 463144K, used 414105K [0x00000000d5550000, 0x00000000f199a000, 0x0000000100000000)
   the space 463144K,  89% used [0x00000000d5550000, 0x00000000ee9b64c8, 0x00000000ee9b6600, 0x00000000f199a000)
 Metaspace       used 95267K, capacity 96438K, committed 96640K, reserved 1132544K
  class space    used 13168K, capacity 13425K, committed 13440K, reserved 1048576K
Event: 50.320 GC heap after
Heap after GC invocations=121 (full 9):
 def new generation   total 208512K, used 23103K [0x00000000c0000000, 0x00000000ce230000, 0x00000000d5550000)
  eden space 185408K,   0% used [0x00000000c0000000, 0x00000000c0000000, 0x00000000cb510000)
  from space 23104K,  99% used [0x00000000ccba0000, 0x00000000ce22fff8, 0x00000000ce230000)
  to   space 23104K,   0% used [0x00000000cb510000, 0x00000000cb510000, 0x00000000ccba0000)
 tenured generation   total 463144K, used 420113K [0x00000000d5550000, 0x00000000f199a000, 0x0000000100000000)
   the space 463144K,  90% used [0x00000000d5550000, 0x00000000eef94680, 0x00000000eef94800, 0x00000000f199a000)
 Metaspace       used 95267K, capacity 96438K, committed 96640K, reserved 1132544K
  class space    used 13168K, capacity 13425K, committed 13440K, reserved 1048576K
}
Event: 51.171 GC heap before
{Heap before GC invocations=121 (full 9):
 def new generation   total 208512K, used 208511K [0x00000000c0000000, 0x00000000ce230000, 0x00000000d5550000)
  eden space 185408K, 100% used [0x00000000c0000000, 0x00000000cb510000, 0x00000000cb510000)
  from space 23104K,  99% used [0x00000000ccba0000, 0x00000000ce22fff8, 0x00000000ce230000)
  to   space 23104K,   0% used [0x00000000cb510000, 0x00000000cb510000, 0x00000000ccba0000)
 tenured generation   total 463144K, used 420113K [0x00000000d5550000, 0x00000000f199a000, 0x0000000100000000)
   the space 463144K,  90% used [0x00000000d5550000, 0x00000000eef94680, 0x00000000eef94800, 0x00000000f199a000)
 Metaspace       used 95273K, capacity 96438K, committed 96640K, reserved 1132544K
  class space    used 13168K, capacity 13425K, committed 13440K, reserved 1048576K
Event: 51.195 GC heap after
Heap after GC invocations=122 (full 9):
 def new generation   total 208512K, used 1K [0x00000000c0000000, 0x00000000ce230000, 0x00000000d5550000)
  eden space 185408K,   0% used [0x00000000c0000000, 0x00000000c0000000, 0x00000000cb510000)
  from space 23104K,   0% used [0x00000000cb510000, 0x00000000cb510418, 0x00000000ccba0000)
  to   space 23104K,   0% used [0x00000000ccba0000, 0x00000000ccba0000, 0x00000000ce230000)
 tenured generation   total 463144K, used 443216K [0x00000000d5550000, 0x00000000f199a000, 0x0000000100000000)
   the space 463144K,  95% used [0x00000000d5550000, 0x00000000f0624240, 0x00000000f0624400, 0x00000000f199a000)
 Metaspace       used 95273K, capacity 96438K, committed 96640K, reserved 1132544K
  class space    used 13168K, capacity 13425K, committed 13440K, reserved 1048576K
}
Event: 51.973 GC heap before
{Heap before GC invocations=122 (full 9):
 def new generation   total 208512K, used 185409K [0x00000000c0000000, 0x00000000ce230000, 0x00000000d5550000)
  eden space 185408K, 100% used [0x00000000c0000000, 0x00000000cb510000, 0x00000000cb510000)
  from space 23104K,   0% used [0x00000000cb510000, 0x00000000cb510418, 0x00000000ccba0000)
  to   space 23104K,   0% used [0x00000000ccba0000, 0x00000000ccba0000, 0x00000000ce230000)
 tenured generation   total 463144K, used 443216K [0x00000000d5550000, 0x00000000f199a000, 0x0000000100000000)
   the space 463144K,  95% used [0x00000000d5550000, 0x00000000f0624240, 0x00000000f0624400, 0x00000000f199a000)
 Metaspace       used 95273K, capacity 96438K, committed 96640K, reserved 1132544K
  class space    used 13168K, capacity 13425K, committed 13440K, reserved 1048576K
Event: 51.977 GC heap after
Heap after GC invocations=123 (full 9):
 def new generation   total 208512K, used 1K [0x00000000c0000000, 0x00000000ce230000, 0x00000000d5550000)
  eden space 185408K,   0% used [0x00000000c0000000, 0x00000000c0000000, 0x00000000cb510000)
  from space 23104K,   0% used [0x00000000ccba0000, 0x00000000ccba0480, 0x00000000ce230000)
  to   space 23104K,   0% used [0x00000000cb510000, 0x00000000cb510000, 0x00000000ccba0000)
 tenured generation   total 463144K, used 443216K [0x00000000d5550000, 0x00000000f199a000, 0x0000000100000000)
   the space 463144K,  95% used [0x00000000d5550000, 0x00000000f0624240, 0x00000000f0624400, 0x00000000f199a000)
 Metaspace       used 95273K, capacity 96438K, committed 96640K, reserved 1132544K
  class space    used 13168K, capacity 13425K, committed 13440K, reserved 1048576K
}
Event: 52.742 GC heap before
{Heap before GC invocations=123 (full 9):
 def new generation   total 208512K, used 185409K [0x00000000c0000000, 0x00000000ce230000, 0x00000000d5550000)
  eden space 185408K, 100% used [0x00000000c0000000, 0x00000000cb510000, 0x00000000cb510000)
  from space 23104K,   0% used [0x00000000ccba0000, 0x00000000ccba0480, 0x00000000ce230000)
  to   space 23104K,   0% used [0x00000000cb510000, 0x00000000cb510000, 0x00000000ccba0000)
 tenured generation   total 463144K, used 443216K [0x00000000d5550000, 0x00000000f199a000, 0x0000000100000000)
   the space 463144K,  95% used [0x00000000d5550000, 0x00000000f0624240, 0x00000000f0624400, 0x00000000f199a000)
 Metaspace       used 95274K, capacity 96438K, committed 96640K, reserved 1132544K
  class space    used 13168K, capacity 13425K, committed 13440K, reserved 1048576K
Event: 52.746 GC heap after
Heap after GC invocations=124 (full 9):
 def new generation   total 208512K, used 1K [0x00000000c0000000, 0x00000000ce230000, 0x00000000d5550000)
  eden space 185408K,   0% used [0x00000000c0000000, 0x00000000c0000000, 0x00000000cb510000)
  from space 23104K,   0% used [0x00000000cb510000, 0x00000000cb510480, 0x00000000ccba0000)
  to   space 23104K,   0% used [0x00000000ccba0000, 0x00000000ccba0000, 0x00000000ce230000)
 tenured generation   total 463144K, used 443216K [0x00000000d5550000, 0x00000000f199a000, 0x0000000100000000)
   the space 463144K,  95% used [0x00000000d5550000, 0x00000000f0624240, 0x00000000f0624400, 0x00000000f199a000)
 Metaspace       used 95274K, capacity 96438K, committed 96640K, reserved 1132544K
  class space    used 13168K, capacity 13425K, committed 13440K, reserved 1048576K
}
Event: 53.528 GC heap before
{Heap before GC invocations=124 (full 9):
 def new generation   total 208512K, used 185409K [0x00000000c0000000, 0x00000000ce230000, 0x00000000d5550000)
  eden space 185408K, 100% used [0x00000000c0000000, 0x00000000cb510000, 0x00000000cb510000)
  from space 23104K,   0% used [0x00000000cb510000, 0x00000000cb510480, 0x00000000ccba0000)
  to   space 23104K,   0% used [0x00000000ccba0000, 0x00000000ccba0000, 0x00000000ce230000)
 tenured generation   total 463144K, used 443216K [0x00000000d5550000, 0x00000000f199a000, 0x0000000100000000)
   the space 463144K,  95% used [0x00000000d5550000, 0x00000000f0624240, 0x00000000f0624400, 0x00000000f199a000)
 Metaspace       used 95275K, capacity 96438K, committed 96640K, reserved 1132544K
  class space    used 13168K, capacity 13425K, committed 13440K, reserved 1048576K
Event: 53.531 GC heap after
Heap after GC invocations=125 (full 9):
 def new generation   total 208512K, used 1K [0x00000000c0000000, 0x00000000ce230000, 0x00000000d5550000)
  eden space 185408K,   0% used [0x00000000c0000000, 0x00000000c0000000, 0x00000000cb510000)
  from space 23104K,   0% used [0x00000000ccba0000, 0x00000000ccba0480, 0x00000000ce230000)
  to   space 23104K,   0% used [0x00000000cb510000, 0x00000000cb510000, 0x00000000ccba0000)
 tenured generation   total 463144K, used 443216K [0x00000000d5550000, 0x00000000f199a000, 0x0000000100000000)
   the space 463144K,  95% used [0x00000000d5550000, 0x00000000f0624240, 0x00000000f0624400, 0x00000000f199a000)
 Metaspace       used 95275K, capacity 96438K, committed 96640K, reserved 1132544K
  class space    used 13168K, capacity 13425K, committed 13440K, reserved 1048576K
}

